<?xml version="1.0" encoding="UTF-8"?>
<robot generator="Robot 5.0.1 (Python 3.10.6 on win32)" generated="20220824 20:43:38.152" rpa="false" schemaversion="3">
<suite id="s1" name="NewOrder" source="c:\Qaninja\twp\app\testes\NewOrder.robot">
<test id="s1-t1" name="Deve fazer novo pedido como Guest" line="19">
<kw name="Click Text" library="AppiumLibrary">
<arg>New order</arg>
<doc>Click text identified by ``text``.</doc>
<kw name="Capture Page Screenshot" library="AppiumLibrary">
<doc>Takes a screenshot of the current page and embeds it into the log.</doc>
<msg timestamp="20220824 20:43:38.525" level="FAIL">No application is open</msg>
<status status="FAIL" starttime="20220824 20:43:38.523" endtime="20220824 20:43:38.538"/>
</kw>
<msg timestamp="20220824 20:43:38.539" level="WARN">Keyword 'Capture Page Screenshot' could not be run on failure: No application is open</msg>
<msg timestamp="20220824 20:43:38.541" level="FAIL">No application is open</msg>
<status status="FAIL" starttime="20220824 20:43:38.523" endtime="20220824 20:43:38.542"/>
</kw>
<kw name="Click Text" library="AppiumLibrary">
<arg>Curbside</arg>
<doc>Click text identified by ``text``.</doc>
<status status="NOT RUN" starttime="20220824 20:43:38.543" endtime="20220824 20:43:38.543"/>
</kw>
<status status="FAIL" starttime="20220824 20:43:38.522" endtime="20220824 20:43:38.544">No application is open</status>
</test>
<status status="FAIL" starttime="20220824 20:43:38.164" endtime="20220824 20:43:38.546"/>
</suite>
<statistics>
<total>
<stat pass="0" fail="1" skip="0">All Tests</stat>
</total>
<tag>
</tag>
<suite>
<stat pass="0" fail="1" skip="0" id="s1" name="NewOrder">NewOrder</stat>
</suite>
</statistics>
<errors>
<msg timestamp="20220824 20:43:38.539" level="WARN">Keyword 'Capture Page Screenshot' could not be run on failure: No application is open</msg>
</errors>
</robot>
